CREATE USER SA PASSWORD "" ADMIN
/*C1*/SET SCHEMA PUBLIC
CONNECT USER SA
SET AUTOCOMMIT FALSE
  CREATE TABLE changelog ( change_number INTEGER NOT NULL, delta_set VARCHAR(10) NOT NULL, start_dt TIMESTAMP NOT NULL, complete_dt TIMESTAMP NULL, applied_by VARCHAR(100) NOT NULL, description VARCHAR(500) NOT NULL )
  ALTER TABLE changelog ADD CONSTRAINT Pkchangelog PRIMARY KEY (change_number, delta_set)
DISCONNECT
/*C2*/SET SCHEMA PUBLIC
CONNECT USER SA
/*C3*/SET SCHEMA PUBLIC
CONNECT USER SA
SET AUTOCOMMIT FALSE
INSERT INTO CHANGELOG VALUES(1,'Main','2008-12-20 14:13:20.863000000',NULL,'SA','1 Create Customer table.sql')
COMMIT
   CREATE TABLE CUSTOMER ( customerid INTEGER NOT NULL, title CHAR(3) NOT NULL, firstname VARCHAR(30) NOT NULL, lastname VARCHAR(30) NOT NULL, userid CHAR(8), password CHAR(8) )
  CREATE UNIQUE INDEX IDX_CUSTOMER ON CUSTOMER (customerid ASC)
  ALTER TABLE CUSTOMER ADD CONSTRAINT PK_CUSTOMER PRIMARY KEY (customerid)
DELETE FROM CHANGELOG WHERE CHANGE_NUMBER=1 AND DELTA_SET='Main'
INSERT INTO CHANGELOG VALUES(1,'Main','2008-12-20 14:13:20.863000000','2008-12-20 14:13:20.880000000','SA','1 Create Customer table.sql')
COMMIT
INSERT INTO CHANGELOG VALUES(2,'Main','2008-12-20 14:13:20.886000000',NULL,'SA','2 Create Account table.sql')
COMMIT
   CREATE TABLE ACCOUNT ( accid CHAR(8) NOT NULL, balance DECIMAL(22 , 2) NOT NULL, interest DECIMAL NOT NULL, acctype VARCHAR(8) NOT NULL, discriminator CHAR(1) NOT NULL, overdraft DECIMAL(22 , 2) NOT NULL, minamount DECIMAL(22 , 2) NOT NULL )
  CREATE UNIQUE INDEX IDX_ACCOUNT ON ACCOUNT (accid ASC)
  ALTER TABLE ACCOUNT ADD CONSTRAINT PK_ACCOUNT PRIMARY KEY (accid)
DELETE FROM CHANGELOG WHERE CHANGE_NUMBER=2 AND DELTA_SET='Main'
INSERT INTO CHANGELOG VALUES(2,'Main','2008-12-20 14:13:20.886000000','2008-12-20 14:13:20.893000000','SA','2 Create Account table.sql')
COMMIT
INSERT INTO CHANGELOG VALUES(3,'Main','2008-12-20 14:13:20.895000000',NULL,'SA','3 Create TransRecord table.sql')
COMMIT
   CREATE TABLE TRANSRECORD ( transid TIMESTAMP NOT NULL, accid CHAR(8) NOT NULL, transtype CHAR(1) NOT NULL, transamt DECIMAL(10, 2) NOT NULL )
  CREATE UNIQUE INDEX IDX_TRANSRECORD ON TRANSRECORD (transid ASC)
  ALTER TABLE TRANSRECORD ADD CONSTRAINT PK_TRANSID PRIMARY KEY (transid)
  ALTER TABLE TRANSRECORD ADD CONSTRAINT FK_ACC_TO_TRANSREC FOREIGN KEY (accid) REFERENCES ACCOUNT (accid)
DELETE FROM CHANGELOG WHERE CHANGE_NUMBER=3 AND DELTA_SET='Main'
INSERT INTO CHANGELOG VALUES(3,'Main','2008-12-20 14:13:20.895000000','2008-12-20 14:13:20.903000000','SA','3 Create TransRecord table.sql')
COMMIT
INSERT INTO CHANGELOG VALUES(4,'Main','2008-12-20 14:13:20.905000000',NULL,'SA','4 Create CustAcct table.sql')
COMMIT
   CREATE TABLE CUSTACCT ( customerid INTEGER NOT NULL, accid CHAR(8) NOT NULL )
  CREATE UNIQUE INDEX IDX_CUSTACCT ON CUSTACCT (customerid ASC, accid ASC)
  ALTER TABLE CUSTACCT ADD CONSTRAINT PK_CUSTACCT PRIMARY KEY (customerid, accid)
  ALTER TABLE CUSTACCT ADD CONSTRAINT FK_CA_TO_CUST FOREIGN KEY (customerid, accid) REFERENCES CUSTACCT (customerid, accid)
DELETE FROM CHANGELOG WHERE CHANGE_NUMBER=4 AND DELTA_SET='Main'
INSERT INTO CHANGELOG VALUES(4,'Main','2008-12-20 14:13:20.905000000','2008-12-20 14:13:20.916000000','SA','4 Create CustAcct table.sql')
COMMIT
DISCONNECT
/*C4*/SET SCHEMA PUBLIC
CONNECT USER SA
SET AUTOCOMMIT FALSE
INSERT INTO CUSTOMER VALUES(101,'Col','William','Mustard','cust101','password')
INSERT INTO CUSTOMER VALUES(102,'Pro','Percival','Plum','cust102','password')
INSERT INTO CUSTOMER VALUES(103,'Rev','Mansfied','Green','cust103','password')
INSERT INTO CUSTOMER VALUES(104,'Mrs','Elizabeth','Peacock','cust104','password')
INSERT INTO CUSTOMER VALUES(105,'Mis','Samantha','Scarlett','cust105','password')
INSERT INTO CUSTOMER VALUES(106,'Mrs','Maud','White','cust106','password')
COMMIT
INSERT INTO ACCOUNT VALUES('101-1001',1000,2.5,'Current','C',500,0)
INSERT INTO ACCOUNT VALUES('101-1002',500,4.5,'Savings','S',0,0)
INSERT INTO ACCOUNT VALUES('102-2001',9376.52,2.5,'Current','C',500,0)
INSERT INTO ACCOUNT VALUES('102-2002',75.5,4.5,'Savings','S',0,0)
INSERT INTO ACCOUNT VALUES('103-3001',100,2.5,'Current','C',500,0)
INSERT INTO ACCOUNT VALUES('103-3002',20000,4.5,'Savings','S',0,0)
INSERT INTO ACCOUNT VALUES('104-4001',888.88,2.5,'Current','C',500,0)
INSERT INTO ACCOUNT VALUES('104-4002',88.88,4.5,'Savings','S',0,0)
INSERT INTO ACCOUNT VALUES('105-5001',0,2.5,'Current','C',500,0)
INSERT INTO ACCOUNT VALUES('106-6001',1000,2.5,'Current','C',500,0)
INSERT INTO ACCOUNT VALUES('106-6002',2000,4.5,'Savings','S',0,0)
INSERT INTO ACCOUNT VALUES('106-6003',3000,4.5,'Savings','S',0,0)
COMMIT
INSERT INTO CUSTACCT VALUES(101,'101-1001')
INSERT INTO CUSTACCT VALUES(101,'101-1002')
INSERT INTO CUSTACCT VALUES(102,'102-2001')
INSERT INTO CUSTACCT VALUES(102,'102-2002')
INSERT INTO CUSTACCT VALUES(103,'103-3001')
INSERT INTO CUSTACCT VALUES(103,'103-3002')
INSERT INTO CUSTACCT VALUES(104,'104-4001')
INSERT INTO CUSTACCT VALUES(104,'104-4002')
INSERT INTO CUSTACCT VALUES(105,'105-5001')
INSERT INTO CUSTACCT VALUES(106,'106-6001')
INSERT INTO CUSTACCT VALUES(106,'106-6002')
INSERT INTO CUSTACCT VALUES(106,'106-6003')
COMMIT
DISCONNECT
/*C2*/DISCONNECT
/*C5*/SET SCHEMA PUBLIC
CONNECT USER SA
DISCONNECT
/*C6*/SET SCHEMA PUBLIC
CONNECT USER SA
DISCONNECT
/*C7*/SET SCHEMA PUBLIC
CONNECT USER SA
DISCONNECT
/*C8*/SET SCHEMA PUBLIC
CONNECT USER SA
DISCONNECT
/*C9*/SET SCHEMA PUBLIC
CONNECT USER SA
DISCONNECT
/*C10*/SET SCHEMA PUBLIC
CONNECT USER SA
DISCONNECT
/*C11*/SET SCHEMA PUBLIC
CONNECT USER SA
DISCONNECT
/*C12*/SET SCHEMA PUBLIC
CONNECT USER SA
DISCONNECT
/*C13*/SET SCHEMA PUBLIC
CONNECT USER SA
DISCONNECT
/*C14*/SET SCHEMA PUBLIC
CONNECT USER SA
DISCONNECT
/*C15*/SET SCHEMA PUBLIC
CONNECT USER SA
DISCONNECT
/*C16*/SET SCHEMA PUBLIC
CONNECT USER SA
DISCONNECT
/*C17*/SET SCHEMA PUBLIC
CONNECT USER SA
DISCONNECT
/*C18*/SET SCHEMA PUBLIC
CONNECT USER SA
DISCONNECT
/*C19*/SET SCHEMA PUBLIC
CONNECT USER SA
DISCONNECT
/*C20*/SET SCHEMA PUBLIC
CONNECT USER SA
DISCONNECT
/*C21*/SET SCHEMA PUBLIC
CONNECT USER SA
DISCONNECT
/*C22*/SET SCHEMA PUBLIC
CONNECT USER SA
DISCONNECT
/*C23*/SET SCHEMA PUBLIC
CONNECT USER SA
DISCONNECT
/*C24*/SET SCHEMA PUBLIC
CONNECT USER SA
DISCONNECT
/*C25*/SET SCHEMA PUBLIC
CONNECT USER SA
DISCONNECT
/*C26*/SET SCHEMA PUBLIC
CONNECT USER SA
DISCONNECT
/*C27*/SET SCHEMA PUBLIC
CONNECT USER SA
DISCONNECT
/*C28*/SET SCHEMA PUBLIC
CONNECT USER SA
DISCONNECT
/*C29*/SET SCHEMA PUBLIC
CONNECT USER SA
DISCONNECT
/*C30*/SET SCHEMA PUBLIC
CONNECT USER SA
DISCONNECT
/*C31*/SET SCHEMA PUBLIC
CONNECT USER SA
DISCONNECT
/*C32*/SET SCHEMA PUBLIC
CONNECT USER SA
DISCONNECT
/*C33*/SET SCHEMA PUBLIC
CONNECT USER SA
DISCONNECT
/*C34*/SET SCHEMA PUBLIC
CONNECT USER SA
DISCONNECT
/*C35*/SET SCHEMA PUBLIC
CONNECT USER SA
INSERT INTO CUSTOMER VALUES(120,'Mr','A','Customer','cust120','password')
/*C36*/SET SCHEMA PUBLIC
CONNECT USER SA
INSERT INTO CUSTOMER VALUES(130,'Mr','Ano','Customer','cust130','password')
/*C37*/SET SCHEMA PUBLIC
CONNECT USER SA
/*C35*/DISCONNECT
/*C36*/DISCONNECT
/*C38*/SET SCHEMA PUBLIC
CONNECT USER SA
DISCONNECT
/*C39*/SET SCHEMA PUBLIC
CONNECT USER SA
DISCONNECT
/*C40*/SET SCHEMA PUBLIC
CONNECT USER SA
/*C37*/DISCONNECT
/*C40*/DISCONNECT
/*C41*/SET SCHEMA PUBLIC
CONNECT USER SA
DISCONNECT
/*C42*/SET SCHEMA PUBLIC
CONNECT USER SA
/*C43*/SET SCHEMA PUBLIC
CONNECT USER SA
/*C42*/DISCONNECT
/*C43*/DISCONNECT
/*C44*/SET SCHEMA PUBLIC
CONNECT USER SA
DISCONNECT
/*C45*/SET SCHEMA PUBLIC
CONNECT USER SA
DISCONNECT
/*C46*/SET SCHEMA PUBLIC
CONNECT USER SA
/*C47*/SET SCHEMA PUBLIC
CONNECT USER SA
/*C46*/DISCONNECT
/*C48*/SET SCHEMA PUBLIC
CONNECT USER SA
DISCONNECT
/*C47*/DISCONNECT
/*C49*/SET SCHEMA PUBLIC
CONNECT USER SA
/*C50*/SET SCHEMA PUBLIC
CONNECT USER SA
/*C51*/SET SCHEMA PUBLIC
CONNECT USER SA
/*C49*/DISCONNECT
/*C50*/DISCONNECT
/*C52*/SET SCHEMA PUBLIC
CONNECT USER SA
DISCONNECT
/*C51*/DISCONNECT
/*C53*/SET SCHEMA PUBLIC
CONNECT USER SA
/*C54*/SET SCHEMA PUBLIC
CONNECT USER SA
/*C55*/SET SCHEMA PUBLIC
CONNECT USER SA
/*C56*/SET SCHEMA PUBLIC
CONNECT USER SA
/*C53*/DISCONNECT
/*C54*/DISCONNECT
/*C55*/DISCONNECT
/*C57*/SET SCHEMA PUBLIC
CONNECT USER SA
DISCONNECT
/*C56*/DISCONNECT
/*C58*/SET SCHEMA PUBLIC
CONNECT USER SA
/*C59*/SET SCHEMA PUBLIC
CONNECT USER SA
/*C60*/SET SCHEMA PUBLIC
CONNECT USER SA
/*C61*/SET SCHEMA PUBLIC
CONNECT USER SA
/*C58*/DISCONNECT
/*C61*/DISCONNECT
/*C59*/DISCONNECT
/*C60*/DISCONNECT
/*C62*/SET SCHEMA PUBLIC
CONNECT USER SA
DISCONNECT
/*C63*/SET SCHEMA PUBLIC
CONNECT USER SA
DISCONNECT
/*C64*/SET SCHEMA PUBLIC
CONNECT USER SA
DISCONNECT
/*C65*/SET SCHEMA PUBLIC
CONNECT USER SA
DELETE FROM CUSTOMER WHERE CUSTOMERID=101
/*C66*/SET SCHEMA PUBLIC
CONNECT USER SA
/*C67*/SET SCHEMA PUBLIC
CONNECT USER SA
/*C68*/SET SCHEMA PUBLIC
CONNECT USER SA
/*C65*/DISCONNECT
/*C66*/DISCONNECT
/*C67*/DISCONNECT
/*C69*/SET SCHEMA PUBLIC
CONNECT USER SA
DISCONNECT
/*C68*/DISCONNECT
/*C70*/SET SCHEMA PUBLIC
CONNECT USER SA
/*C71*/SET SCHEMA PUBLIC
CONNECT USER SA
/*C72*/SET SCHEMA PUBLIC
CONNECT USER SA
/*C70*/DISCONNECT
/*C72*/DISCONNECT
/*C71*/DISCONNECT
/*C73*/SET SCHEMA PUBLIC
CONNECT USER SA
DISCONNECT
/*C74*/SET SCHEMA PUBLIC
CONNECT USER SA
DISCONNECT
/*C75*/SET SCHEMA PUBLIC
CONNECT USER SA
/*C76*/SET SCHEMA PUBLIC
CONNECT USER SA
/*C75*/DISCONNECT
/*C77*/SET SCHEMA PUBLIC
CONNECT USER SA
/*C78*/SET SCHEMA PUBLIC
CONNECT USER SA
DISCONNECT
/*C76*/DISCONNECT
/*C77*/DISCONNECT
/*C79*/SET SCHEMA PUBLIC
CONNECT USER SA
DISCONNECT
/*C80*/SET SCHEMA PUBLIC
CONNECT USER SA
DISCONNECT
/*C81*/SET SCHEMA PUBLIC
CONNECT USER SA
DISCONNECT
/*C82*/SET SCHEMA PUBLIC
CONNECT USER SA
DISCONNECT
/*C83*/SET SCHEMA PUBLIC
CONNECT USER SA
DISCONNECT
/*C84*/SET SCHEMA PUBLIC
CONNECT USER SA
DISCONNECT
/*C85*/SET SCHEMA PUBLIC
CONNECT USER SA
DISCONNECT
/*C86*/SET SCHEMA PUBLIC
CONNECT USER SA
DISCONNECT
/*C87*/SET SCHEMA PUBLIC
CONNECT USER SA
DISCONNECT
/*C88*/SET SCHEMA PUBLIC
CONNECT USER SA
DISCONNECT
/*C89*/SET SCHEMA PUBLIC
CONNECT USER SA
DISCONNECT
/*C90*/SET SCHEMA PUBLIC
CONNECT USER SA
DISCONNECT
/*C91*/SET SCHEMA PUBLIC
CONNECT USER SA
DISCONNECT
/*C92*/SET SCHEMA PUBLIC
CONNECT USER SA
DISCONNECT
/*C93*/SET SCHEMA PUBLIC
CONNECT USER SA
DISCONNECT
/*C94*/SET SCHEMA PUBLIC
CONNECT USER SA
DISCONNECT
/*C95*/SET SCHEMA PUBLIC
CONNECT USER SA
DISCONNECT
/*C96*/SET SCHEMA PUBLIC
CONNECT USER SA
DISCONNECT
/*C97*/SET SCHEMA PUBLIC
CONNECT USER SA
DISCONNECT
/*C98*/SET SCHEMA PUBLIC
CONNECT USER SA
DISCONNECT
/*C99*/SET SCHEMA PUBLIC
CONNECT USER SA
DISCONNECT
/*C100*/SET SCHEMA PUBLIC
CONNECT USER SA
DISCONNECT
/*C101*/SET SCHEMA PUBLIC
CONNECT USER SA
DISCONNECT
/*C102*/SET SCHEMA PUBLIC
CONNECT USER SA
DISCONNECT
/*C103*/SET SCHEMA PUBLIC
CONNECT USER SA
DISCONNECT
/*C104*/SET SCHEMA PUBLIC
CONNECT USER SA
DISCONNECT
/*C105*/SET SCHEMA PUBLIC
CONNECT USER SA
DISCONNECT
/*C106*/SET SCHEMA PUBLIC
CONNECT USER SA
DISCONNECT
/*C107*/SET SCHEMA PUBLIC
CONNECT USER SA
DISCONNECT
/*C108*/SET SCHEMA PUBLIC
CONNECT USER SA
DISCONNECT
/*C109*/SET SCHEMA PUBLIC
CONNECT USER SA
DISCONNECT
/*C110*/SET SCHEMA PUBLIC
CONNECT USER SA
DISCONNECT
/*C111*/SET SCHEMA PUBLIC
CONNECT USER SA
DISCONNECT
/*C112*/SET SCHEMA PUBLIC
CONNECT USER SA
DISCONNECT
/*C113*/SET SCHEMA PUBLIC
CONNECT USER SA
DISCONNECT
/*C114*/SET SCHEMA PUBLIC
CONNECT USER SA
DISCONNECT
/*C115*/SET SCHEMA PUBLIC
CONNECT USER SA
DISCONNECT
/*C116*/SET SCHEMA PUBLIC
CONNECT USER SA
DISCONNECT
/*C117*/SET SCHEMA PUBLIC
CONNECT USER SA
DISCONNECT
/*C118*/SET SCHEMA PUBLIC
CONNECT USER SA
DISCONNECT
/*C119*/SET SCHEMA PUBLIC
CONNECT USER SA
/*C120*/SET SCHEMA PUBLIC
CONNECT USER SA
DISCONNECT
/*C119*/DISCONNECT
/*C121*/SET SCHEMA PUBLIC
CONNECT USER SA
DISCONNECT
/*C122*/SET SCHEMA PUBLIC
CONNECT USER SA
/*C123*/SET SCHEMA PUBLIC
CONNECT USER SA
/*C124*/SET SCHEMA PUBLIC
CONNECT USER SA
/*C123*/DISCONNECT
/*C122*/DISCONNECT
/*C125*/SET SCHEMA PUBLIC
CONNECT USER SA
DISCONNECT
/*C124*/DISCONNECT
/*C126*/SET SCHEMA PUBLIC
CONNECT USER SA
DISCONNECT
/*C127*/SET SCHEMA PUBLIC
CONNECT USER SA
DISCONNECT
/*C128*/SET SCHEMA PUBLIC
CONNECT USER SA
DISCONNECT
/*C129*/SET SCHEMA PUBLIC
CONNECT USER SA
DISCONNECT
/*C130*/SET SCHEMA PUBLIC
CONNECT USER SA
DISCONNECT
/*C131*/SET SCHEMA PUBLIC
CONNECT USER SA
DISCONNECT
/*C132*/SET SCHEMA PUBLIC
CONNECT USER SA
DISCONNECT
/*C133*/SET SCHEMA PUBLIC
CONNECT USER SA
DISCONNECT
/*C134*/SET SCHEMA PUBLIC
CONNECT USER SA
DISCONNECT
